  GameScene.cpp
C:\Users\GinDoyr\source\repos\game\GameScene.cpp(77,97): warning C4244: аргумент: преобразование "int" в "T", возможна потеря данных
C:\Users\GinDoyr\source\repos\game\GameScene.cpp(77,97): warning C4244:         with
C:\Users\GinDoyr\source\repos\game\GameScene.cpp(77,97): warning C4244:         [
C:\Users\GinDoyr\source\repos\game\GameScene.cpp(77,97): warning C4244:             T=float
C:\Users\GinDoyr\source\repos\game\GameScene.cpp(77,97): warning C4244:         ]
C:\Users\GinDoyr\source\repos\game\GameScene.cpp(77,79): warning C4244: аргумент: преобразование "int" в "T", возможна потеря данных
C:\Users\GinDoyr\source\repos\game\GameScene.cpp(77,79): warning C4244:         with
C:\Users\GinDoyr\source\repos\game\GameScene.cpp(77,79): warning C4244:         [
C:\Users\GinDoyr\source\repos\game\GameScene.cpp(77,79): warning C4244:             T=float
C:\Users\GinDoyr\source\repos\game\GameScene.cpp(77,79): warning C4244:         ]
  GameView.cpp
C:\Users\GinDoyr\source\repos\game\GameView.cpp(15,75): warning C4244: аргумент: преобразование "const T" в "T", возможна потеря данных
C:\Users\GinDoyr\source\repos\game\GameView.cpp(15,75): warning C4244:         with
C:\Users\GinDoyr\source\repos\game\GameView.cpp(15,75): warning C4244:         [
C:\Users\GinDoyr\source\repos\game\GameView.cpp(15,75): warning C4244:             T=int
C:\Users\GinDoyr\source\repos\game\GameView.cpp(15,75): warning C4244:         ]
C:\Users\GinDoyr\source\repos\game\GameView.cpp(15,75): warning C4244:         and
C:\Users\GinDoyr\source\repos\game\GameView.cpp(15,75): warning C4244:         [
C:\Users\GinDoyr\source\repos\game\GameView.cpp(15,75): warning C4244:             T=float
C:\Users\GinDoyr\source\repos\game\GameView.cpp(15,75): warning C4244:         ]
C:\Users\GinDoyr\source\repos\game\GameView.cpp(15,61): warning C4244: аргумент: преобразование "const T" в "T", возможна потеря данных
C:\Users\GinDoyr\source\repos\game\GameView.cpp(15,61): warning C4244:         with
C:\Users\GinDoyr\source\repos\game\GameView.cpp(15,61): warning C4244:         [
C:\Users\GinDoyr\source\repos\game\GameView.cpp(15,61): warning C4244:             T=int
C:\Users\GinDoyr\source\repos\game\GameView.cpp(15,61): warning C4244:         ]
C:\Users\GinDoyr\source\repos\game\GameView.cpp(15,61): warning C4244:         and
C:\Users\GinDoyr\source\repos\game\GameView.cpp(15,61): warning C4244:         [
C:\Users\GinDoyr\source\repos\game\GameView.cpp(15,61): warning C4244:             T=float
C:\Users\GinDoyr\source\repos\game\GameView.cpp(15,61): warning C4244:         ]
  TmxLevel.cpp
  main.cpp
  Создание кода
  2 of 812 functions ( 0.2%) were compiled, the rest were copied from previous compilation.
    0 functions were new in current compilation
    1 functions had inline decision re-evaluated but remain unchanged
  Создание кода завершено
  game.vcxproj -> C:\Users\GinDoyr\source\repos\game\x64\Release\game.exe
